# JRE version: 7.0_09-b05
# Java VM: Java HotSpot(TM) Client VM (23.5-b02 mixed mode, sharing windows-x86 )
Heap
 def new generation   total 4928K, used 1511K [0x237e0000, 0x23d30000, 0x28d30000)
  eden space 4416K,  34% used [0x237e0000, 0x23958520, 0x23c30000)
  from space 512K,   1% used [0x23cb0000, 0x23cb1750, 0x23d30000)
  to   space 512K,   0% used [0x23c30000, 0x23c30000, 0x23cb0000)
 tenured generation   total 10944K, used 6731K [0x28d30000, 0x297e0000, 0x337e0000)
   the space 10944K,  61% used [0x28d30000, 0x293c2f78, 0x293c3000, 0x297e0000)
 compacting perm gen  total 12288K, used 5177K [0x337e0000, 0x343e0000, 0x377e0000)
   the space 12288K,  42% used [0x337e0000, 0x33cee5c8, 0x33cee600, 0x343e0000)
    ro space 10240K,  42% used [0x377e0000, 0x37c20348, 0x37c20400, 0x381e0000)
    rw space 12288K,  54% used [0x381e0000, 0x388606f0, 0x38860800, 0x38de0000)
GC Heap History (10 events):
Event: 0.975 GC heap before
{Heap before GC invocations=8 (full 0):
 def new generation   total 4928K, used 4928K [0x237e0000, 0x23d30000, 0x28d30000)
  eden space 4416K, 100% used [0x237e0000, 0x23c30000, 0x23c30000)
  from space 512K, 100% used [0x23c30000, 0x23cb0000, 0x23cb0000)
  to   space 512K,   0% used [0x23cb0000, 0x23cb0000, 0x23d30000)
 tenured generation   total 10944K, used 3734K [0x28d30000, 0x297e0000, 0x337e0000)
   the space 10944K,  34% used [0x28d30000, 0x290d5bb0, 0x290d5c00, 0x297e0000)
 compacting perm gen  total 12288K, used 4550K [0x337e0000, 0x343e0000, 0x377e0000)
   the space 12288K,  37% used [0x337e0000, 0x33c51b50, 0x33c51c00, 0x343e0000)
    ro space 10240K,  42% used [0x377e0000, 0x37c20348, 0x37c20400, 0x381e0000)
    rw space 12288K,  54% used [0x381e0000, 0x388606f0, 0x38860800, 0x38de0000)
Event: 0.977 GC heap after
Heap after GC invocations=9 (full 0):
 def new generation   total 4928K, used 28K [0x237e0000, 0x23d30000, 0x28d30000)
  eden space 4416K,   0% used [0x237e0000, 0x237e0000, 0x23c30000)
  from space 512K,   5% used [0x23cb0000, 0x23cb71e0, 0x23d30000)
  to   space 512K,   0% used [0x23c30000, 0x23c30000, 0x23cb0000)
 tenured generation   total 10944K, used 4187K [0x28d30000, 0x297e0000, 0x337e0000)
   the space 10944K,  38% used [0x28d30000, 0x29146fe0, 0x29147000, 0x297e0000)
 compacting perm gen  total 12288K, used 4550K [0x337e0000, 0x343e0000, 0x377e0000)
   the space 12288K,  37% used [0x337e0000, 0x33c51b50, 0x33c51c00, 0x343e0000)
    ro space 10240K,  42% used [0x377e0000, 0x37c20348, 0x37c20400, 0x381e0000)
    rw space 12288K,  54% used [0x381e0000, 0x388606f0, 0x38860800, 0x38de0000)
}
Event: 0.999 GC heap before
{Heap before GC invocations=9 (full 0):
 def new generation   total 4928K, used 4444K [0x237e0000, 0x23d30000, 0x28d30000)
  eden space 4416K, 100% used [0x237e0000, 0x23c30000, 0x23c30000)
  from space 512K,   5% used [0x23cb0000, 0x23cb71e0, 0x23d30000)
  to   space 512K,   0% used [0x23c30000, 0x23c30000, 0x23cb0000)
 tenured generation   total 10944K, used 4187K [0x28d30000, 0x297e0000, 0x337e0000)
   the space 10944K,  38% used [0x28d30000, 0x29146fe0, 0x29147000, 0x297e0000)
 compacting perm gen  total 12288K, used 4594K [0x337e0000, 0x343e0000, 0x377e0000)
   the space 12288K,  37% used [0x337e0000, 0x33c5cba0, 0x33c5cc00, 0x343e0000)
    ro space 10240K,  42% used [0x377e0000, 0x37c20348, 0x37c20400, 0x381e0000)
    rw space 12288K,  54% used [0x381e0000, 0x388606f0, 0x38860800, 0x38de0000)
Event: 1.001 GC heap after
Heap after GC invocations=10 (full 0):
 def new generation   total 4928K, used 240K [0x237e0000, 0x23d30000, 0x28d30000)
  eden space 4416K,   0% used [0x237e0000, 0x237e0000, 0x23c30000)
  from space 512K,  46% used [0x23c30000, 0x23c6c1a8, 0x23cb0000)
  to   space 512K,   0% used [0x23cb0000, 0x23cb0000, 0x23d30000)
 tenured generation   total 10944K, used 4187K [0x28d30000, 0x297e0000, 0x337e0000)
   the space 10944K,  38% used [0x28d30000, 0x29146fe0, 0x29147000, 0x297e0000)
 compacting perm gen  total 12288K, used 4594K [0x337e0000, 0x343e0000, 0x377e0000)
   the space 12288K,  37% used [0x337e0000, 0x33c5cba0, 0x33c5cc00, 0x343e0000)
    ro space 10240K,  42% used [0x377e0000, 0x37c20348, 0x37c20400, 0x381e0000)
    rw space 12288K,  54% used [0x381e0000, 0x388606f0, 0x38860800, 0x38de0000)
}
Event: 1.121 GC heap before
{Heap before GC invocations=10 (full 0):
 def new generation   total 4928K, used 4656K [0x237e0000, 0x23d30000, 0x28d30000)
  eden space 4416K, 100% used [0x237e0000, 0x23c30000, 0x23c30000)
  from space 512K,  46% used [0x23c30000, 0x23c6c1a8, 0x23cb0000)
  to   space 512K,   0% used [0x23cb0000, 0x23cb0000, 0x23d30000)
 tenured generation   total 10944K, used 4187K [0x28d30000, 0x297e0000, 0x337e0000)
   the space 10944K,  38% used [0x28d30000, 0x29146fe0, 0x29147000, 0x297e0000)
 compacting perm gen  total 12288K, used 5157K [0x337e0000, 0x343e0000, 0x377e0000)
   the space 12288K,  41% used [0x337e0000, 0x33ce9630, 0x33ce9800, 0x343e0000)
    ro space 10240K,  42% used [0x377e0000, 0x37c20348, 0x37c20400, 0x381e0000)
    rw space 12288K,  54% used [0x381e0000, 0x388606f0, 0x38860800, 0x38de0000)
Event: 1.125 GC heap after
Heap after GC invocations=11 (full 0):
 def new generation   total 4928K, used 512K [0x237e0000, 0x23d30000, 0x28d30000)
  eden space 4416K,   0% used [0x237e0000, 0x237e0000, 0x23c30000)
  from space 512K, 100% used [0x23cb0000, 0x23d30000, 0x23d30000)
  to   space 512K,   0% used [0x23c30000, 0x23c30000, 0x23cb0000)
 tenured generation   total 10944K, used 4235K [0x28d30000, 0x297e0000, 0x337e0000)
   the space 10944K,  38% used [0x28d30000, 0x29152f50, 0x29153000, 0x297e0000)
 compacting perm gen  total 12288K, used 5157K [0x337e0000, 0x343e0000, 0x377e0000)
   the space 12288K,  41% used [0x337e0000, 0x33ce9630, 0x33ce9800, 0x343e0000)
    ro space 10240K,  42% used [0x377e0000, 0x37c20348, 0x37c20400, 0x381e0000)
    rw space 12288K,  54% used [0x381e0000, 0x388606f0, 0x38860800, 0x38de0000)
}
Event: 1.243 GC heap before
{Heap before GC invocations=11 (full 0):
 def new generation   total 4928K, used 4554K [0x237e0000, 0x23d30000, 0x28d30000)
  eden space 4416K,  91% used [0x237e0000, 0x23bd2b28, 0x23c30000)
  from space 512K, 100% used [0x23cb0000, 0x23d30000, 0x23d30000)
  to   space 512K,   0% used [0x23c30000, 0x23c30000, 0x23cb0000)
 tenured generation   total 10944K, used 4235K [0x28d30000, 0x297e0000, 0x337e0000)
   the space 10944K,  38% used [0x28d30000, 0x29152f50, 0x29153000, 0x297e0000)
 compacting perm gen  total 12288K, used 5172K [0x337e0000, 0x343e0000, 0x377e0000)
   the space 12288K,  42% used [0x337e0000, 0x33ced0c8, 0x33ced200, 0x343e0000)
    ro space 10240K,  42% used [0x377e0000, 0x37c20348, 0x37c20400, 0x381e0000)
    rw space 12288K,  54% used [0x381e0000, 0x388606f0, 0x38860800, 0x38de0000)
Event: 1.246 GC heap after
Heap after GC invocations=12 (full 0):
 def new generation   total 4928K, used 10K [0x237e0000, 0x23d30000, 0x28d30000)
  eden space 4416K,   0% used [0x237e0000, 0x237e0000, 0x23c30000)
  from space 512K,   2% used [0x23c30000, 0x23c32ab0, 0x23cb0000)
  to   space 512K,   0% used [0x23cb0000, 0x23cb0000, 0x23d30000)
 tenured generation   total 10944K, used 5574K [0x28d30000, 0x297e0000, 0x337e0000)
   the space 10944K,  50% used [0x28d30000, 0x292a1be8, 0x292a1c00, 0x297e0000)
 compacting perm gen  total 12288K, used 5172K [0x337e0000, 0x343e0000, 0x377e0000)
   the space 12288K,  42% used [0x337e0000, 0x33ced0c8, 0x33ced200, 0x343e0000)
    ro space 10240K,  42% used [0x377e0000, 0x37c20348, 0x37c20400, 0x381e0000)
    rw space 12288K,  54% used [0x381e0000, 0x388606f0, 0x38860800, 0x38de0000)
}
Event: 1.268 GC heap before
{Heap before GC invocations=12 (full 0):
 def new generation   total 4928K, used 4426K [0x237e0000, 0x23d30000, 0x28d30000)
  eden space 4416K, 100% used [0x237e0000, 0x23c30000, 0x23c30000)
  from space 512K,   2% used [0x23c30000, 0x23c32ab0, 0x23cb0000)
  to   space 512K,   0% used [0x23cb0000, 0x23cb0000, 0x23d30000)
 tenured generation   total 10944K, used 5574K [0x28d30000, 0x297e0000, 0x337e0000)
   the space 10944K,  50% used [0x28d30000, 0x292a1be8, 0x292a1c00, 0x297e0000)
 compacting perm gen  total 12288K, used 5172K [0x337e0000, 0x343e0000, 0x377e0000)
   the space 12288K,  42% used [0x337e0000, 0x33ced0d8, 0x33ced200, 0x343e0000)
    ro space 10240K,  42% used [0x377e0000, 0x37c20348, 0x37c20400, 0x381e0000)
    rw space 12288K,  54% used [0x381e0000, 0x388606f0, 0x38860800, 0x38de0000)
Event: 1.269 GC heap after
Heap after GC invocations=13 (full 0):
 def new generation   total 4928K, used 5K [0x237e0000, 0x23d30000, 0x28d30000)
  eden space 4416K,   0% used [0x237e0000, 0x237e0000, 0x23c30000)
  from space 512K,   1% used [0x23cb0000, 0x23cb1750, 0x23d30000)
  to   space 512K,   0% used [0x23c30000, 0x23c30000, 0x23cb0000)
 tenured generation   total 10944K, used 6731K [0x28d30000, 0x297e0000, 0x337e0000)
   the space 10944K,  61% used [0x28d30000, 0x293c2f78, 0x293c3000, 0x297e0000)
 compacting perm gen  total 12288K, used 5172K [0x337e0000, 0x343e0000, 0x377e0000)
   the space 12288K,  42% used [0x337e0000, 0x33ced0d8, 0x33ced200, 0x343e0000)
    ro space 10240K,  42% used [0x377e0000, 0x37c20348, 0x37c20400, 0x381e0000)
    rw space 12288K,  54% used [0x381e0000, 0x388606f0, 0x38860800, 0x38de0000)
}

