# JRE version: 7.0_09-b05
# Java VM: Java HotSpot(TM) Client VM (23.5-b02 mixed mode, sharing windows-x86 )
Heap
 def new generation   total 4928K, used 1497K [0x237e0000, 0x23d30000, 0x28d30000)
  eden space 4416K,  33% used [0x237e0000, 0x239541a0, 0x23c30000)
  from space 512K,   1% used [0x23cb0000, 0x23cb2290, 0x23d30000)
  to   space 512K,   0% used [0x23c30000, 0x23c30000, 0x23cb0000)
 tenured generation   total 10944K, used 6891K [0x28d30000, 0x297e0000, 0x337e0000)
   the space 10944K,  62% used [0x28d30000, 0x293eaf60, 0x293eb000, 0x297e0000)
 compacting perm gen  total 12288K, used 5186K [0x337e0000, 0x343e0000, 0x377e0000)
   the space 12288K,  42% used [0x337e0000, 0x33cf0aa8, 0x33cf0c00, 0x343e0000)
    ro space 10240K,  42% used [0x377e0000, 0x37c20348, 0x37c20400, 0x381e0000)
    rw space 12288K,  54% used [0x381e0000, 0x388606f0, 0x38860800, 0x38de0000)
GC Heap History (10 events):
Event: 1.040 GC heap before
{Heap before GC invocations=8 (full 0):
 def new generation   total 4928K, used 4928K [0x237e0000, 0x23d30000, 0x28d30000)
  eden space 4416K, 100% used [0x237e0000, 0x23c30000, 0x23c30000)
  from space 512K, 100% used [0x23c30000, 0x23cb0000, 0x23cb0000)
  to   space 512K,   0% used [0x23cb0000, 0x23cb0000, 0x23d30000)
 tenured generation   total 10944K, used 3895K [0x28d30000, 0x297e0000, 0x337e0000)
   the space 10944K,  35% used [0x28d30000, 0x290fde70, 0x290fe000, 0x297e0000)
 compacting perm gen  total 12288K, used 4559K [0x337e0000, 0x343e0000, 0x377e0000)
   the space 12288K,  37% used [0x337e0000, 0x33c53d00, 0x33c53e00, 0x343e0000)
    ro space 10240K,  42% used [0x377e0000, 0x37c20348, 0x37c20400, 0x381e0000)
    rw space 12288K,  54% used [0x381e0000, 0x388606f0, 0x38860800, 0x38de0000)
Event: 1.042 GC heap after
Heap after GC invocations=9 (full 0):
 def new generation   total 4928K, used 28K [0x237e0000, 0x23d30000, 0x28d30000)
  eden space 4416K,   0% used [0x237e0000, 0x237e0000, 0x23c30000)
  from space 512K,   5% used [0x23cb0000, 0x23cb73c0, 0x23d30000)
  to   space 512K,   0% used [0x23c30000, 0x23c30000, 0x23cb0000)
 tenured generation   total 10944K, used 4348K [0x28d30000, 0x297e0000, 0x337e0000)
   the space 10944K,  39% used [0x28d30000, 0x2916f148, 0x2916f200, 0x297e0000)
 compacting perm gen  total 12288K, used 4559K [0x337e0000, 0x343e0000, 0x377e0000)
   the space 12288K,  37% used [0x337e0000, 0x33c53d00, 0x33c53e00, 0x343e0000)
    ro space 10240K,  42% used [0x377e0000, 0x37c20348, 0x37c20400, 0x381e0000)
    rw space 12288K,  54% used [0x381e0000, 0x388606f0, 0x38860800, 0x38de0000)
}
Event: 1.064 GC heap before
{Heap before GC invocations=9 (full 0):
 def new generation   total 4928K, used 4444K [0x237e0000, 0x23d30000, 0x28d30000)
  eden space 4416K, 100% used [0x237e0000, 0x23c30000, 0x23c30000)
  from space 512K,   5% used [0x23cb0000, 0x23cb73c0, 0x23d30000)
  to   space 512K,   0% used [0x23c30000, 0x23c30000, 0x23cb0000)
 tenured generation   total 10944K, used 4348K [0x28d30000, 0x297e0000, 0x337e0000)
   the space 10944K,  39% used [0x28d30000, 0x2916f148, 0x2916f200, 0x297e0000)
 compacting perm gen  total 12288K, used 4603K [0x337e0000, 0x343e0000, 0x377e0000)
   the space 12288K,  37% used [0x337e0000, 0x33c5ed50, 0x33c5ee00, 0x343e0000)
    ro space 10240K,  42% used [0x377e0000, 0x37c20348, 0x37c20400, 0x381e0000)
    rw space 12288K,  54% used [0x381e0000, 0x388606f0, 0x38860800, 0x38de0000)
Event: 1.065 GC heap after
Heap after GC invocations=10 (full 0):
 def new generation   total 4928K, used 240K [0x237e0000, 0x23d30000, 0x28d30000)
  eden space 4416K,   0% used [0x237e0000, 0x237e0000, 0x23c30000)
  from space 512K,  47% used [0x23c30000, 0x23c6c310, 0x23cb0000)
  to   space 512K,   0% used [0x23cb0000, 0x23cb0000, 0x23d30000)
 tenured generation   total 10944K, used 4348K [0x28d30000, 0x297e0000, 0x337e0000)
   the space 10944K,  39% used [0x28d30000, 0x2916f148, 0x2916f200, 0x297e0000)
 compacting perm gen  total 12288K, used 4603K [0x337e0000, 0x343e0000, 0x377e0000)
   the space 12288K,  37% used [0x337e0000, 0x33c5ed50, 0x33c5ee00, 0x343e0000)
    ro space 10240K,  42% used [0x377e0000, 0x37c20348, 0x37c20400, 0x381e0000)
    rw space 12288K,  54% used [0x381e0000, 0x388606f0, 0x38860800, 0x38de0000)
}
Event: 1.179 GC heap before
{Heap before GC invocations=10 (full 0):
 def new generation   total 4928K, used 4655K [0x237e0000, 0x23d30000, 0x28d30000)
  eden space 4416K,  99% used [0x237e0000, 0x23c2f958, 0x23c30000)
  from space 512K,  47% used [0x23c30000, 0x23c6c310, 0x23cb0000)
  to   space 512K,   0% used [0x23cb0000, 0x23cb0000, 0x23d30000)
 tenured generation   total 10944K, used 4348K [0x28d30000, 0x297e0000, 0x337e0000)
   the space 10944K,  39% used [0x28d30000, 0x2916f148, 0x2916f200, 0x297e0000)
 compacting perm gen  total 12288K, used 5166K [0x337e0000, 0x343e0000, 0x377e0000)
   the space 12288K,  42% used [0x337e0000, 0x33cebb10, 0x33cebc00, 0x343e0000)
    ro space 10240K,  42% used [0x377e0000, 0x37c20348, 0x37c20400, 0x381e0000)
    rw space 12288K,  54% used [0x381e0000, 0x388606f0, 0x38860800, 0x38de0000)
Event: 1.182 GC heap after
Heap after GC invocations=11 (full 0):
 def new generation   total 4928K, used 512K [0x237e0000, 0x23d30000, 0x28d30000)
  eden space 4416K,   0% used [0x237e0000, 0x237e0000, 0x23c30000)
  from space 512K, 100% used [0x23cb0000, 0x23d30000, 0x23d30000)
  to   space 512K,   0% used [0x23c30000, 0x23c30000, 0x23cb0000)
 tenured generation   total 10944K, used 4396K [0x28d30000, 0x297e0000, 0x337e0000)
   the space 10944K,  40% used [0x28d30000, 0x2917b2a8, 0x2917b400, 0x297e0000)
 compacting perm gen  total 12288K, used 5166K [0x337e0000, 0x343e0000, 0x377e0000)
   the space 12288K,  42% used [0x337e0000, 0x33cebb10, 0x33cebc00, 0x343e0000)
    ro space 10240K,  42% used [0x377e0000, 0x37c20348, 0x37c20400, 0x381e0000)
    rw space 12288K,  54% used [0x381e0000, 0x388606f0, 0x38860800, 0x38de0000)
}
Event: 1.294 GC heap before
{Heap before GC invocations=11 (full 0):
 def new generation   total 4928K, used 4547K [0x237e0000, 0x23d30000, 0x28d30000)
  eden space 4416K,  91% used [0x237e0000, 0x23bd0ff8, 0x23c30000)
  from space 512K, 100% used [0x23cb0000, 0x23d30000, 0x23d30000)
  to   space 512K,   0% used [0x23c30000, 0x23c30000, 0x23cb0000)
 tenured generation   total 10944K, used 4396K [0x28d30000, 0x297e0000, 0x337e0000)
   the space 10944K,  40% used [0x28d30000, 0x2917b2a8, 0x2917b400, 0x297e0000)
 compacting perm gen  total 12288K, used 5181K [0x337e0000, 0x343e0000, 0x377e0000)
   the space 12288K,  42% used [0x337e0000, 0x33cef5a8, 0x33cef600, 0x343e0000)
    ro space 10240K,  42% used [0x377e0000, 0x37c20348, 0x37c20400, 0x381e0000)
    rw space 12288K,  54% used [0x381e0000, 0x388606f0, 0x38860800, 0x38de0000)
Event: 1.297 GC heap after
Heap after GC invocations=12 (full 0):
 def new generation   total 4928K, used 13K [0x237e0000, 0x23d30000, 0x28d30000)
  eden space 4416K,   0% used [0x237e0000, 0x237e0000, 0x23c30000)
  from space 512K,   2% used [0x23c30000, 0x23c335f0, 0x23cb0000)
  to   space 512K,   0% used [0x23cb0000, 0x23cb0000, 0x23d30000)
 tenured generation   total 10944K, used 5734K [0x28d30000, 0x297e0000, 0x337e0000)
   the space 10944K,  52% used [0x28d30000, 0x292c9bd0, 0x292c9c00, 0x297e0000)
 compacting perm gen  total 12288K, used 5181K [0x337e0000, 0x343e0000, 0x377e0000)
   the space 12288K,  42% used [0x337e0000, 0x33cef5a8, 0x33cef600, 0x343e0000)
    ro space 10240K,  42% used [0x377e0000, 0x37c20348, 0x37c20400, 0x381e0000)
    rw space 12288K,  54% used [0x381e0000, 0x388606f0, 0x38860800, 0x38de0000)
}
Event: 1.319 GC heap before
{Heap before GC invocations=12 (full 0):
 def new generation   total 4928K, used 4429K [0x237e0000, 0x23d30000, 0x28d30000)
  eden space 4416K, 100% used [0x237e0000, 0x23c30000, 0x23c30000)
  from space 512K,   2% used [0x23c30000, 0x23c335f0, 0x23cb0000)
  to   space 512K,   0% used [0x23cb0000, 0x23cb0000, 0x23d30000)
 tenured generation   total 10944K, used 5734K [0x28d30000, 0x297e0000, 0x337e0000)
   the space 10944K,  52% used [0x28d30000, 0x292c9bd0, 0x292c9c00, 0x297e0000)
 compacting perm gen  total 12288K, used 5181K [0x337e0000, 0x343e0000, 0x377e0000)
   the space 12288K,  42% used [0x337e0000, 0x33cef5b8, 0x33cef600, 0x343e0000)
    ro space 10240K,  42% used [0x377e0000, 0x37c20348, 0x37c20400, 0x381e0000)
    rw space 12288K,  54% used [0x381e0000, 0x388606f0, 0x38860800, 0x38de0000)
Event: 1.321 GC heap after
Heap after GC invocations=13 (full 0):
 def new generation   total 4928K, used 8K [0x237e0000, 0x23d30000, 0x28d30000)
  eden space 4416K,   0% used [0x237e0000, 0x237e0000, 0x23c30000)
  from space 512K,   1% used [0x23cb0000, 0x23cb2290, 0x23d30000)
  to   space 512K,   0% used [0x23c30000, 0x23c30000, 0x23cb0000)
 tenured generation   total 10944K, used 6891K [0x28d30000, 0x297e0000, 0x337e0000)
   the space 10944K,  62% used [0x28d30000, 0x293eaf60, 0x293eb000, 0x297e0000)
 compacting perm gen  total 12288K, used 5181K [0x337e0000, 0x343e0000, 0x377e0000)
   the space 12288K,  42% used [0x337e0000, 0x33cef5b8, 0x33cef600, 0x343e0000)
    ro space 10240K,  42% used [0x377e0000, 0x37c20348, 0x37c20400, 0x381e0000)
    rw space 12288K,  54% used [0x381e0000, 0x388606f0, 0x38860800, 0x38de0000)
}

