# JRE version: 7.0_09-b05
# Java VM: Java HotSpot(TM) Client VM (23.5-b02 mixed mode, sharing windows-x86 )
Heap
 def new generation   total 4928K, used 494K [0x237e0000, 0x23d30000, 0x28d30000)
  eden space 4416K,  11% used [0x237e0000, 0x2385a608, 0x23c30000)
  from space 512K,   1% used [0x23c30000, 0x23c31588, 0x23cb0000)
  to   space 512K,   0% used [0x23cb0000, 0x23cb0000, 0x23d30000)
 tenured generation   total 10944K, used 5686K [0x28d30000, 0x297e0000, 0x337e0000)
   the space 10944K,  51% used [0x28d30000, 0x292bdac0, 0x292bdc00, 0x297e0000)
 compacting perm gen  total 12288K, used 5212K [0x337e0000, 0x343e0000, 0x377e0000)
   the space 12288K,  42% used [0x337e0000, 0x33cf73c8, 0x33cf7400, 0x343e0000)
    ro space 10240K,  42% used [0x377e0000, 0x37c20348, 0x37c20400, 0x381e0000)
    rw space 12288K,  54% used [0x381e0000, 0x388606f0, 0x38860800, 0x38de0000)
GC Heap History (10 events):
Event: 46.165 GC heap before
{Heap before GC invocations=2349 (full 0):
 def new generation   total 4928K, used 4451K [0x237e0000, 0x23d30000, 0x28d30000)
  eden space 4416K, 100% used [0x237e0000, 0x23c30000, 0x23c30000)
  from space 512K,   6% used [0x23cb0000, 0x23cb8e78, 0x23d30000)
  to   space 512K,   0% used [0x23c30000, 0x23c30000, 0x23cb0000)
 tenured generation   total 10944K, used 5686K [0x28d30000, 0x297e0000, 0x337e0000)
   the space 10944K,  51% used [0x28d30000, 0x292bdac0, 0x292bdc00, 0x297e0000)
 compacting perm gen  total 12288K, used 5212K [0x337e0000, 0x343e0000, 0x377e0000)
   the space 12288K,  42% used [0x337e0000, 0x33cf73b8, 0x33cf7400, 0x343e0000)
    ro space 10240K,  42% used [0x377e0000, 0x37c20348, 0x37c20400, 0x381e0000)
    rw space 12288K,  54% used [0x381e0000, 0x388606f0, 0x38860800, 0x38de0000)
Event: 46.165 GC heap after
Heap after GC invocations=2350 (full 0):
 def new generation   total 4928K, used 5K [0x237e0000, 0x23d30000, 0x28d30000)
  eden space 4416K,   0% used [0x237e0000, 0x237e0000, 0x23c30000)
  from space 512K,   1% used [0x23c30000, 0x23c31500, 0x23cb0000)
  to   space 512K,   0% used [0x23cb0000, 0x23cb0000, 0x23d30000)
 tenured generation   total 10944K, used 5686K [0x28d30000, 0x297e0000, 0x337e0000)
   the space 10944K,  51% used [0x28d30000, 0x292bdac0, 0x292bdc00, 0x297e0000)
 compacting perm gen  total 12288K, used 5212K [0x337e0000, 0x343e0000, 0x377e0000)
   the space 12288K,  42% used [0x337e0000, 0x33cf73b8, 0x33cf7400, 0x343e0000)
    ro space 10240K,  42% used [0x377e0000, 0x37c20348, 0x37c20400, 0x381e0000)
    rw space 12288K,  54% used [0x381e0000, 0x388606f0, 0x38860800, 0x38de0000)
}
Event: 46.282 GC heap before
{Heap before GC invocations=2350 (full 0):
 def new generation   total 4928K, used 4421K [0x237e0000, 0x23d30000, 0x28d30000)
  eden space 4416K, 100% used [0x237e0000, 0x23c30000, 0x23c30000)
  from space 512K,   1% used [0x23c30000, 0x23c31500, 0x23cb0000)
  to   space 512K,   0% used [0x23cb0000, 0x23cb0000, 0x23d30000)
 tenured generation   total 10944K, used 5686K [0x28d30000, 0x297e0000, 0x337e0000)
   the space 10944K,  51% used [0x28d30000, 0x292bdac0, 0x292bdc00, 0x297e0000)
 compacting perm gen  total 12288K, used 5212K [0x337e0000, 0x343e0000, 0x377e0000)
   the space 12288K,  42% used [0x337e0000, 0x33cf73c8, 0x33cf7400, 0x343e0000)
    ro space 10240K,  42% used [0x377e0000, 0x37c20348, 0x37c20400, 0x381e0000)
    rw space 12288K,  54% used [0x381e0000, 0x388606f0, 0x38860800, 0x38de0000)
Event: 46.282 GC heap after
Heap after GC invocations=2351 (full 0):
 def new generation   total 4928K, used 31K [0x237e0000, 0x23d30000, 0x28d30000)
  eden space 4416K,   0% used [0x237e0000, 0x237e0000, 0x23c30000)
  from space 512K,   6% used [0x23cb0000, 0x23cb7ef0, 0x23d30000)
  to   space 512K,   0% used [0x23c30000, 0x23c30000, 0x23cb0000)
 tenured generation   total 10944K, used 5686K [0x28d30000, 0x297e0000, 0x337e0000)
   the space 10944K,  51% used [0x28d30000, 0x292bdac0, 0x292bdc00, 0x297e0000)
 compacting perm gen  total 12288K, used 5212K [0x337e0000, 0x343e0000, 0x377e0000)
   the space 12288K,  42% used [0x337e0000, 0x33cf73c8, 0x33cf7400, 0x343e0000)
    ro space 10240K,  42% used [0x377e0000, 0x37c20348, 0x37c20400, 0x381e0000)
    rw space 12288K,  54% used [0x381e0000, 0x388606f0, 0x38860800, 0x38de0000)
}
Event: 46.345 GC heap before
{Heap before GC invocations=2351 (full 0):
 def new generation   total 4928K, used 4447K [0x237e0000, 0x23d30000, 0x28d30000)
  eden space 4416K, 100% used [0x237e0000, 0x23c30000, 0x23c30000)
  from space 512K,   6% used [0x23cb0000, 0x23cb7ef0, 0x23d30000)
  to   space 512K,   0% used [0x23c30000, 0x23c30000, 0x23cb0000)
 tenured generation   total 10944K, used 5686K [0x28d30000, 0x297e0000, 0x337e0000)
   the space 10944K,  51% used [0x28d30000, 0x292bdac0, 0x292bdc00, 0x297e0000)
 compacting perm gen  total 12288K, used 5212K [0x337e0000, 0x343e0000, 0x377e0000)
   the space 12288K,  42% used [0x337e0000, 0x33cf73c8, 0x33cf7400, 0x343e0000)
    ro space 10240K,  42% used [0x377e0000, 0x37c20348, 0x37c20400, 0x381e0000)
    rw space 12288K,  54% used [0x381e0000, 0x388606f0, 0x38860800, 0x38de0000)
Event: 46.345 GC heap after
Heap after GC invocations=2352 (full 0):
 def new generation   total 4928K, used 33K [0x237e0000, 0x23d30000, 0x28d30000)
  eden space 4416K,   0% used [0x237e0000, 0x237e0000, 0x23c30000)
  from space 512K,   6% used [0x23c30000, 0x23c38770, 0x23cb0000)
  to   space 512K,   0% used [0x23cb0000, 0x23cb0000, 0x23d30000)
 tenured generation   total 10944K, used 5686K [0x28d30000, 0x297e0000, 0x337e0000)
   the space 10944K,  51% used [0x28d30000, 0x292bdac0, 0x292bdc00, 0x297e0000)
 compacting perm gen  total 12288K, used 5212K [0x337e0000, 0x343e0000, 0x377e0000)
   the space 12288K,  42% used [0x337e0000, 0x33cf73c8, 0x33cf7400, 0x343e0000)
    ro space 10240K,  42% used [0x377e0000, 0x37c20348, 0x37c20400, 0x381e0000)
    rw space 12288K,  54% used [0x381e0000, 0x388606f0, 0x38860800, 0x38de0000)
}
Event: 46.436 GC heap before
{Heap before GC invocations=2352 (full 0):
 def new generation   total 4928K, used 4449K [0x237e0000, 0x23d30000, 0x28d30000)
  eden space 4416K, 100% used [0x237e0000, 0x23c30000, 0x23c30000)
  from space 512K,   6% used [0x23c30000, 0x23c38770, 0x23cb0000)
  to   space 512K,   0% used [0x23cb0000, 0x23cb0000, 0x23d30000)
 tenured generation   total 10944K, used 5686K [0x28d30000, 0x297e0000, 0x337e0000)
   the space 10944K,  51% used [0x28d30000, 0x292bdac0, 0x292bdc00, 0x297e0000)
 compacting perm gen  total 12288K, used 5212K [0x337e0000, 0x343e0000, 0x377e0000)
   the space 12288K,  42% used [0x337e0000, 0x33cf73c8, 0x33cf7400, 0x343e0000)
    ro space 10240K,  42% used [0x377e0000, 0x37c20348, 0x37c20400, 0x381e0000)
    rw space 12288K,  54% used [0x381e0000, 0x388606f0, 0x38860800, 0x38de0000)
Event: 46.436 GC heap after
Heap after GC invocations=2353 (full 0):
 def new generation   total 4928K, used 34K [0x237e0000, 0x23d30000, 0x28d30000)
  eden space 4416K,   0% used [0x237e0000, 0x237e0000, 0x23c30000)
  from space 512K,   6% used [0x23cb0000, 0x23cb8bb0, 0x23d30000)
  to   space 512K,   0% used [0x23c30000, 0x23c30000, 0x23cb0000)
 tenured generation   total 10944K, used 5686K [0x28d30000, 0x297e0000, 0x337e0000)
   the space 10944K,  51% used [0x28d30000, 0x292bdac0, 0x292bdc00, 0x297e0000)
 compacting perm gen  total 12288K, used 5212K [0x337e0000, 0x343e0000, 0x377e0000)
   the space 12288K,  42% used [0x337e0000, 0x33cf73c8, 0x33cf7400, 0x343e0000)
    ro space 10240K,  42% used [0x377e0000, 0x37c20348, 0x37c20400, 0x381e0000)
    rw space 12288K,  54% used [0x381e0000, 0x388606f0, 0x38860800, 0x38de0000)
}
Event: 51.213 GC heap before
{Heap before GC invocations=2353 (full 0):
 def new generation   total 4928K, used 4450K [0x237e0000, 0x23d30000, 0x28d30000)
  eden space 4416K, 100% used [0x237e0000, 0x23c30000, 0x23c30000)
  from space 512K,   6% used [0x23cb0000, 0x23cb8bb0, 0x23d30000)
  to   space 512K,   0% used [0x23c30000, 0x23c30000, 0x23cb0000)
 tenured generation   total 10944K, used 5686K [0x28d30000, 0x297e0000, 0x337e0000)
   the space 10944K,  51% used [0x28d30000, 0x292bdac0, 0x292bdc00, 0x297e0000)
 compacting perm gen  total 12288K, used 5212K [0x337e0000, 0x343e0000, 0x377e0000)
   the space 12288K,  42% used [0x337e0000, 0x33cf73c8, 0x33cf7400, 0x343e0000)
    ro space 10240K,  42% used [0x377e0000, 0x37c20348, 0x37c20400, 0x381e0000)
    rw space 12288K,  54% used [0x381e0000, 0x388606f0, 0x38860800, 0x38de0000)
Event: 51.213 GC heap after
Heap after GC invocations=2354 (full 0):
 def new generation   total 4928K, used 5K [0x237e0000, 0x23d30000, 0x28d30000)
  eden space 4416K,   0% used [0x237e0000, 0x237e0000, 0x23c30000)
  from space 512K,   1% used [0x23c30000, 0x23c31588, 0x23cb0000)
  to   space 512K,   0% used [0x23cb0000, 0x23cb0000, 0x23d30000)
 tenured generation   total 10944K, used 5686K [0x28d30000, 0x297e0000, 0x337e0000)
   the space 10944K,  51% used [0x28d30000, 0x292bdac0, 0x292bdc00, 0x297e0000)
 compacting perm gen  total 12288K, used 5212K [0x337e0000, 0x343e0000, 0x377e0000)
   the space 12288K,  42% used [0x337e0000, 0x33cf73c8, 0x33cf7400, 0x343e0000)
    ro space 10240K,  42% used [0x377e0000, 0x37c20348, 0x37c20400, 0x381e0000)
    rw space 12288K,  54% used [0x381e0000, 0x388606f0, 0x38860800, 0x38de0000)
}

