# JRE version: 7.0_09-b05
# Java VM: Java HotSpot(TM) Client VM (23.5-b02 mixed mode windows-x86 )
Heap
 def new generation   total 4928K, used 4229K [0x04050000, 0x045a0000, 0x095a0000)
  eden space 4416K,  94% used [0x04050000, 0x04466830, 0x044a0000)
  from space 512K,   8% used [0x04520000, 0x0452ace8, 0x045a0000)
  to   space 512K,   0% used [0x044a0000, 0x044a0000, 0x04520000)
 tenured generation   total 10944K, used 7101K [0x095a0000, 0x0a050000, 0x14050000)
   the space 10944K,  64% used [0x095a0000, 0x09c8f730, 0x09c8f800, 0x0a050000)
 compacting perm gen  total 12288K, used 10176K [0x14050000, 0x14c50000, 0x18050000)
   the space 12288K,  82% used [0x14050000, 0x14a40200, 0x14a40200, 0x14c50000)
GC Heap History (10 events):
Event: 2.496 GC heap before
{Heap before GC invocations=10 (full 0):
 def new generation   total 4928K, used 4658K [0x04050000, 0x045a0000, 0x095a0000)
  eden space 4416K, 100% used [0x04050000, 0x044a0000, 0x044a0000)
  from space 512K,  47% used [0x044a0000, 0x044dc878, 0x04520000)
  to   space 512K,   0% used [0x04520000, 0x04520000, 0x045a0000)
 tenured generation   total 10944K, used 4424K [0x095a0000, 0x0a050000, 0x14050000)
   the space 10944K,  40% used [0x095a0000, 0x099f22a8, 0x099f2400, 0x0a050000)
 compacting perm gen  total 12288K, used 9910K [0x14050000, 0x14c50000, 0x18050000)
   the space 12288K,  80% used [0x14050000, 0x149fd8d0, 0x149fda00, 0x14c50000)
No shared spaces configured.
Event: 2.504 GC heap after
Heap after GC invocations=11 (full 0):
 def new generation   total 4928K, used 512K [0x04050000, 0x045a0000, 0x095a0000)
  eden space 4416K,   0% used [0x04050000, 0x04050000, 0x044a0000)
  from space 512K, 100% used [0x04520000, 0x045a0000, 0x045a0000)
  to   space 512K,   0% used [0x044a0000, 0x044a0000, 0x04520000)
 tenured generation   total 10944K, used 4567K [0x095a0000, 0x0a050000, 0x14050000)
   the space 10944K,  41% used [0x095a0000, 0x09a15c40, 0x09a15e00, 0x0a050000)
 compacting perm gen  total 12288K, used 9910K [0x14050000, 0x14c50000, 0x18050000)
   the space 12288K,  80% used [0x14050000, 0x149fd8d0, 0x149fda00, 0x14c50000)
No shared spaces configured.
}
Event: 27.790 GC heap before
{Heap before GC invocations=11 (full 0):
 def new generation   total 4928K, used 4466K [0x04050000, 0x045a0000, 0x095a0000)
  eden space 4416K,  89% used [0x04050000, 0x0442c990, 0x044a0000)
  from space 512K, 100% used [0x04520000, 0x045a0000, 0x045a0000)
  to   space 512K,   0% used [0x044a0000, 0x044a0000, 0x04520000)
 tenured generation   total 10944K, used 4567K [0x095a0000, 0x0a050000, 0x14050000)
   the space 10944K,  41% used [0x095a0000, 0x09a15c40, 0x09a15e00, 0x0a050000)
 compacting perm gen  total 12288K, used 10163K [0x14050000, 0x14c50000, 0x18050000)
   the space 12288K,  82% used [0x14050000, 0x14a3ccc0, 0x14a3ce00, 0x14c50000)
No shared spaces configured.
Event: 27.794 GC heap after
Heap after GC invocations=12 (full 0):
 def new generation   total 4928K, used 71K [0x04050000, 0x045a0000, 0x095a0000)
  eden space 4416K,   0% used [0x04050000, 0x04050000, 0x044a0000)
  from space 512K,  13% used [0x044a0000, 0x044b1eb8, 0x04520000)
  to   space 512K,   0% used [0x04520000, 0x04520000, 0x045a0000)
 tenured generation   total 10944K, used 5944K [0x095a0000, 0x0a050000, 0x14050000)
   the space 10944K,  54% used [0x095a0000, 0x09b6e3a0, 0x09b6e400, 0x0a050000)
 compacting perm gen  total 12288K, used 10163K [0x14050000, 0x14c50000, 0x18050000)
   the space 12288K,  82% used [0x14050000, 0x14a3ccc0, 0x14a3ce00, 0x14c50000)
No shared spaces configured.
}
Event: 27.817 GC heap before
{Heap before GC invocations=12 (full 0):
 def new generation   total 4928K, used 4487K [0x04050000, 0x045a0000, 0x095a0000)
  eden space 4416K, 100% used [0x04050000, 0x044a0000, 0x044a0000)
  from space 512K,  13% used [0x044a0000, 0x044b1eb8, 0x04520000)
  to   space 512K,   0% used [0x04520000, 0x04520000, 0x045a0000)
 tenured generation   total 10944K, used 5944K [0x095a0000, 0x0a050000, 0x14050000)
   the space 10944K,  54% used [0x095a0000, 0x09b6e3a0, 0x09b6e400, 0x0a050000)
 compacting perm gen  total 12288K, used 10163K [0x14050000, 0x14c50000, 0x18050000)
   the space 12288K,  82% used [0x14050000, 0x14a3ccd0, 0x14a3ce00, 0x14c50000)
No shared spaces configured.
Event: 27.819 GC heap after
Heap after GC invocations=13 (full 0):
 def new generation   total 4928K, used 39K [0x04050000, 0x045a0000, 0x095a0000)
  eden space 4416K,   0% used [0x04050000, 0x04050000, 0x044a0000)
  from space 512K,   7% used [0x04520000, 0x04529cb0, 0x045a0000)
  to   space 512K,   0% used [0x044a0000, 0x044a0000, 0x04520000)
 tenured generation   total 10944K, used 7101K [0x095a0000, 0x0a050000, 0x14050000)
   the space 10944K,  64% used [0x095a0000, 0x09c8f730, 0x09c8f800, 0x0a050000)
 compacting perm gen  total 12288K, used 10163K [0x14050000, 0x14c50000, 0x18050000)
   the space 12288K,  82% used [0x14050000, 0x14a3ccd0, 0x14a3ce00, 0x14c50000)
No shared spaces configured.
}
Event: 51.101 GC heap before
{Heap before GC invocations=13 (full 0):
 def new generation   total 4928K, used 4455K [0x04050000, 0x045a0000, 0x095a0000)
  eden space 4416K, 100% used [0x04050000, 0x044a0000, 0x044a0000)
  from space 512K,   7% used [0x04520000, 0x04529cb0, 0x045a0000)
  to   space 512K,   0% used [0x044a0000, 0x044a0000, 0x04520000)
 tenured generation   total 10944K, used 7101K [0x095a0000, 0x0a050000, 0x14050000)
   the space 10944K,  64% used [0x095a0000, 0x09c8f730, 0x09c8f800, 0x0a050000)
 compacting perm gen  total 12288K, used 10176K [0x14050000, 0x14c50000, 0x18050000)
   the space 12288K,  82% used [0x14050000, 0x14a401f0, 0x14a40200, 0x14c50000)
No shared spaces configured.
Event: 51.104 GC heap after
Heap after GC invocations=14 (full 0):
 def new generation   total 4928K, used 52K [0x04050000, 0x045a0000, 0x095a0000)
  eden space 4416K,   0% used [0x04050000, 0x04050000, 0x044a0000)
  from space 512K,  10% used [0x044a0000, 0x044ad080, 0x04520000)
  to   space 512K,   0% used [0x04520000, 0x04520000, 0x045a0000)
 tenured generation   total 10944K, used 7101K [0x095a0000, 0x0a050000, 0x14050000)
   the space 10944K,  64% used [0x095a0000, 0x09c8f730, 0x09c8f800, 0x0a050000)
 compacting perm gen  total 12288K, used 10176K [0x14050000, 0x14c50000, 0x18050000)
   the space 12288K,  82% used [0x14050000, 0x14a401f0, 0x14a40200, 0x14c50000)
No shared spaces configured.
}
Event: 179.590 GC heap before
{Heap before GC invocations=14 (full 0):
 def new generation   total 4928K, used 4468K [0x04050000, 0x045a0000, 0x095a0000)
  eden space 4416K, 100% used [0x04050000, 0x044a0000, 0x044a0000)
  from space 512K,  10% used [0x044a0000, 0x044ad080, 0x04520000)
  to   space 512K,   0% used [0x04520000, 0x04520000, 0x045a0000)
 tenured generation   total 10944K, used 7101K [0x095a0000, 0x0a050000, 0x14050000)
   the space 10944K,  64% used [0x095a0000, 0x09c8f730, 0x09c8f800, 0x0a050000)
 compacting perm gen  total 12288K, used 10176K [0x14050000, 0x14c50000, 0x18050000)
   the space 12288K,  82% used [0x14050000, 0x14a40200, 0x14a40200, 0x14c50000)
No shared spaces configured.
Event: 179.592 GC heap after
Heap after GC invocations=15 (full 0):
 def new generation   total 4928K, used 43K [0x04050000, 0x045a0000, 0x095a0000)
  eden space 4416K,   0% used [0x04050000, 0x04050000, 0x044a0000)
  from space 512K,   8% used [0x04520000, 0x0452ace8, 0x045a0000)
  to   space 512K,   0% used [0x044a0000, 0x044a0000, 0x04520000)
 tenured generation   total 10944K, used 7101K [0x095a0000, 0x0a050000, 0x14050000)
   the space 10944K,  64% used [0x095a0000, 0x09c8f730, 0x09c8f800, 0x0a050000)
 compacting perm gen  total 12288K, used 10176K [0x14050000, 0x14c50000, 0x18050000)
   the space 12288K,  82% used [0x14050000, 0x14a40200, 0x14a40200, 0x14c50000)
No shared spaces configured.
}

