# JRE version: 7.0_09-b05
# Java VM: Java HotSpot(TM) Client VM (23.5-b02 mixed mode, sharing windows-x86 )
Heap
 def new generation   total 4928K, used 1750K [0x237e0000, 0x23d30000, 0x28d30000)
  eden space 4416K,  39% used [0x237e0000, 0x2398f6b0, 0x23c30000)
  from space 512K,   4% used [0x23cb0000, 0x23cb6170, 0x23d30000)
  to   space 512K,   0% used [0x23c30000, 0x23c30000, 0x23cb0000)
 tenured generation   total 10944K, used 6750K [0x28d30000, 0x297e0000, 0x337e0000)
   the space 10944K,  61% used [0x28d30000, 0x293c7a48, 0x293c7c00, 0x297e0000)
 compacting perm gen  total 12288K, used 5143K [0x337e0000, 0x343e0000, 0x377e0000)
   the space 12288K,  41% used [0x337e0000, 0x33ce5d10, 0x33ce5e00, 0x343e0000)
    ro space 10240K,  42% used [0x377e0000, 0x37c20348, 0x37c20400, 0x381e0000)
    rw space 12288K,  54% used [0x381e0000, 0x388606f0, 0x38860800, 0x38de0000)
GC Heap History (10 events):
Event: 0.837 GC heap before
{Heap before GC invocations=8 (full 0):
 def new generation   total 4928K, used 4927K [0x237e0000, 0x23d30000, 0x28d30000)
  eden space 4416K, 100% used [0x237e0000, 0x23c30000, 0x23c30000)
  from space 512K,  99% used [0x23c30000, 0x23cafff8, 0x23cb0000)
  to   space 512K,   0% used [0x23cb0000, 0x23cb0000, 0x23d30000)
 tenured generation   total 10944K, used 3729K [0x28d30000, 0x297e0000, 0x337e0000)
   the space 10944K,  34% used [0x28d30000, 0x290d4428, 0x290d4600, 0x297e0000)
 compacting perm gen  total 12288K, used 4520K [0x337e0000, 0x343e0000, 0x377e0000)
   the space 12288K,  36% used [0x337e0000, 0x33c4a1a8, 0x33c4a200, 0x343e0000)
    ro space 10240K,  42% used [0x377e0000, 0x37c20348, 0x37c20400, 0x381e0000)
    rw space 12288K,  54% used [0x381e0000, 0x388606f0, 0x38860800, 0x38de0000)
Event: 0.839 GC heap after
Heap after GC invocations=9 (full 0):
 def new generation   total 4928K, used 28K [0x237e0000, 0x23d30000, 0x28d30000)
  eden space 4416K,   0% used [0x237e0000, 0x237e0000, 0x23c30000)
  from space 512K,   5% used [0x23cb0000, 0x23cb7230, 0x23d30000)
  to   space 512K,   0% used [0x23c30000, 0x23c30000, 0x23cb0000)
 tenured generation   total 10944K, used 4203K [0x28d30000, 0x297e0000, 0x337e0000)
   the space 10944K,  38% used [0x28d30000, 0x2914ade8, 0x2914ae00, 0x297e0000)
 compacting perm gen  total 12288K, used 4520K [0x337e0000, 0x343e0000, 0x377e0000)
   the space 12288K,  36% used [0x337e0000, 0x33c4a1a8, 0x33c4a200, 0x343e0000)
    ro space 10240K,  42% used [0x377e0000, 0x37c20348, 0x37c20400, 0x381e0000)
    rw space 12288K,  54% used [0x381e0000, 0x388606f0, 0x38860800, 0x38de0000)
}
Event: 0.863 GC heap before
{Heap before GC invocations=9 (full 0):
 def new generation   total 4928K, used 4444K [0x237e0000, 0x23d30000, 0x28d30000)
  eden space 4416K, 100% used [0x237e0000, 0x23c30000, 0x23c30000)
  from space 512K,   5% used [0x23cb0000, 0x23cb7230, 0x23d30000)
  to   space 512K,   0% used [0x23c30000, 0x23c30000, 0x23cb0000)
 tenured generation   total 10944K, used 4203K [0x28d30000, 0x297e0000, 0x337e0000)
   the space 10944K,  38% used [0x28d30000, 0x2914ade8, 0x2914ae00, 0x297e0000)
 compacting perm gen  total 12288K, used 4564K [0x337e0000, 0x343e0000, 0x377e0000)
   the space 12288K,  37% used [0x337e0000, 0x33c551f8, 0x33c55200, 0x343e0000)
    ro space 10240K,  42% used [0x377e0000, 0x37c20348, 0x37c20400, 0x381e0000)
    rw space 12288K,  54% used [0x381e0000, 0x388606f0, 0x38860800, 0x38de0000)
Event: 0.864 GC heap after
Heap after GC invocations=10 (full 0):
 def new generation   total 4928K, used 240K [0x237e0000, 0x23d30000, 0x28d30000)
  eden space 4416K,   0% used [0x237e0000, 0x237e0000, 0x23c30000)
  from space 512K,  46% used [0x23c30000, 0x23c6c1d0, 0x23cb0000)
  to   space 512K,   0% used [0x23cb0000, 0x23cb0000, 0x23d30000)
 tenured generation   total 10944K, used 4203K [0x28d30000, 0x297e0000, 0x337e0000)
   the space 10944K,  38% used [0x28d30000, 0x2914ade8, 0x2914ae00, 0x297e0000)
 compacting perm gen  total 12288K, used 4564K [0x337e0000, 0x343e0000, 0x377e0000)
   the space 12288K,  37% used [0x337e0000, 0x33c551f8, 0x33c55200, 0x343e0000)
    ro space 10240K,  42% used [0x377e0000, 0x37c20348, 0x37c20400, 0x381e0000)
    rw space 12288K,  54% used [0x381e0000, 0x388606f0, 0x38860800, 0x38de0000)
}
Event: 0.980 GC heap before
{Heap before GC invocations=10 (full 0):
 def new generation   total 4928K, used 4654K [0x237e0000, 0x23d30000, 0x28d30000)
  eden space 4416K,  99% used [0x237e0000, 0x23c2fa18, 0x23c30000)
  from space 512K,  46% used [0x23c30000, 0x23c6c1d0, 0x23cb0000)
  to   space 512K,   0% used [0x23cb0000, 0x23cb0000, 0x23d30000)
 tenured generation   total 10944K, used 4203K [0x28d30000, 0x297e0000, 0x337e0000)
   the space 10944K,  38% used [0x28d30000, 0x2914ade8, 0x2914ae00, 0x297e0000)
 compacting perm gen  total 12288K, used 5125K [0x337e0000, 0x343e0000, 0x377e0000)
   the space 12288K,  41% used [0x337e0000, 0x33ce17a0, 0x33ce1800, 0x343e0000)
    ro space 10240K,  42% used [0x377e0000, 0x37c20348, 0x37c20400, 0x381e0000)
    rw space 12288K,  54% used [0x381e0000, 0x388606f0, 0x38860800, 0x38de0000)
Event: 0.984 GC heap after
Heap after GC invocations=11 (full 0):
 def new generation   total 4928K, used 512K [0x237e0000, 0x23d30000, 0x28d30000)
  eden space 4416K,   0% used [0x237e0000, 0x237e0000, 0x23c30000)
  from space 512K, 100% used [0x23cb0000, 0x23d30000, 0x23d30000)
  to   space 512K,   0% used [0x23c30000, 0x23c30000, 0x23cb0000)
 tenured generation   total 10944K, used 4254K [0x28d30000, 0x297e0000, 0x337e0000)
   the space 10944K,  38% used [0x28d30000, 0x29157830, 0x29157a00, 0x297e0000)
 compacting perm gen  total 12288K, used 5125K [0x337e0000, 0x343e0000, 0x377e0000)
   the space 12288K,  41% used [0x337e0000, 0x33ce17a0, 0x33ce1800, 0x343e0000)
    ro space 10240K,  42% used [0x377e0000, 0x37c20348, 0x37c20400, 0x381e0000)
    rw space 12288K,  54% used [0x381e0000, 0x388606f0, 0x38860800, 0x38de0000)
}
Event: 1.083 GC heap before
{Heap before GC invocations=11 (full 0):
 def new generation   total 4928K, used 4928K [0x237e0000, 0x23d30000, 0x28d30000)
  eden space 4416K, 100% used [0x237e0000, 0x23c30000, 0x23c30000)
  from space 512K, 100% used [0x23cb0000, 0x23d30000, 0x23d30000)
  to   space 512K,   0% used [0x23c30000, 0x23c30000, 0x23cb0000)
 tenured generation   total 10944K, used 4254K [0x28d30000, 0x297e0000, 0x337e0000)
   the space 10944K,  38% used [0x28d30000, 0x29157830, 0x29157a00, 0x297e0000)
 compacting perm gen  total 12288K, used 5132K [0x337e0000, 0x343e0000, 0x377e0000)
   the space 12288K,  41% used [0x337e0000, 0x33ce32e0, 0x33ce3400, 0x343e0000)
    ro space 10240K,  42% used [0x377e0000, 0x37c20348, 0x37c20400, 0x381e0000)
    rw space 12288K,  54% used [0x381e0000, 0x388606f0, 0x38860800, 0x38de0000)
Event: 1.087 GC heap after
Heap after GC invocations=12 (full 0):
 def new generation   total 4928K, used 4K [0x237e0000, 0x23d30000, 0x28d30000)
  eden space 4416K,   0% used [0x237e0000, 0x237e0000, 0x23c30000)
  from space 512K,   0% used [0x23c30000, 0x23c31080, 0x23cb0000)
  to   space 512K,   0% used [0x23cb0000, 0x23cb0000, 0x23d30000)
 tenured generation   total 10944K, used 6750K [0x28d30000, 0x297e0000, 0x337e0000)
   the space 10944K,  61% used [0x28d30000, 0x293c7a48, 0x293c7c00, 0x297e0000)
 compacting perm gen  total 12288K, used 5132K [0x337e0000, 0x343e0000, 0x377e0000)
   the space 12288K,  41% used [0x337e0000, 0x33ce32e0, 0x33ce3400, 0x343e0000)
    ro space 10240K,  42% used [0x377e0000, 0x37c20348, 0x37c20400, 0x381e0000)
    rw space 12288K,  54% used [0x381e0000, 0x388606f0, 0x38860800, 0x38de0000)
}
Event: 1.111 GC heap before
{Heap before GC invocations=12 (full 0):
 def new generation   total 4928K, used 4365K [0x237e0000, 0x23d30000, 0x28d30000)
  eden space 4416K,  98% used [0x237e0000, 0x23c225d0, 0x23c30000)
  from space 512K,   0% used [0x23c30000, 0x23c31080, 0x23cb0000)
  to   space 512K,   0% used [0x23cb0000, 0x23cb0000, 0x23d30000)
 tenured generation   total 10944K, used 6750K [0x28d30000, 0x297e0000, 0x337e0000)
   the space 10944K,  61% used [0x28d30000, 0x293c7a48, 0x293c7c00, 0x297e0000)
 compacting perm gen  total 12288K, used 5143K [0x337e0000, 0x343e0000, 0x377e0000)
   the space 12288K,  41% used [0x337e0000, 0x33ce5c60, 0x33ce5e00, 0x343e0000)
    ro space 10240K,  42% used [0x377e0000, 0x37c20348, 0x37c20400, 0x381e0000)
    rw space 12288K,  54% used [0x381e0000, 0x388606f0, 0x38860800, 0x38de0000)
Event: 1.113 GC heap after
Heap after GC invocations=13 (full 0):
 def new generation   total 4928K, used 24K [0x237e0000, 0x23d30000, 0x28d30000)
  eden space 4416K,   0% used [0x237e0000, 0x237e0000, 0x23c30000)
  from space 512K,   4% used [0x23cb0000, 0x23cb6170, 0x23d30000)
  to   space 512K,   0% used [0x23c30000, 0x23c30000, 0x23cb0000)
 tenured generation   total 10944K, used 6750K [0x28d30000, 0x297e0000, 0x337e0000)
   the space 10944K,  61% used [0x28d30000, 0x293c7a48, 0x293c7c00, 0x297e0000)
 compacting perm gen  total 12288K, used 5143K [0x337e0000, 0x343e0000, 0x377e0000)
   the space 12288K,  41% used [0x337e0000, 0x33ce5c60, 0x33ce5e00, 0x343e0000)
    ro space 10240K,  42% used [0x377e0000, 0x37c20348, 0x37c20400, 0x381e0000)
    rw space 12288K,  54% used [0x381e0000, 0x388606f0, 0x38860800, 0x38de0000)
}

